2025-11-26 22:42:01,357 - __main__ - INFO - ================================================================================
2025-11-26 22:42:01,357 - __main__ - INFO - WhatsApp Automation Script Started (Twilio SDK)
2025-11-26 22:42:01,360 - __main__ - INFO - ================================================================================
2025-11-26 22:42:01,361 - __main__ - INFO - Connecting to MySQL database at 127.0.0.1:3306...
2025-11-26 22:42:01,405 - __main__ - INFO - ✓ Successfully connected to MySQL database
2025-11-26 22:42:01,426 - __main__ - INFO - Settings loaded - Enabled: False, Time Window: 15:00 - 23:00
2025-11-26 22:42:01,427 - __main__ - INFO - WhatsApp automation is disabled in settings. Exiting.
2025-11-26 22:42:01,428 - __main__ - INFO - Database connection closed
2025-11-26 22:43:01,737 - __main__ - INFO - ================================================================================
2025-11-26 22:43:01,737 - __main__ - INFO - WhatsApp Automation Script Started (Twilio SDK)
2025-11-26 22:43:01,737 - __main__ - INFO - ================================================================================
2025-11-26 22:43:01,738 - __main__ - INFO - Connecting to MySQL database at 127.0.0.1:3306...
2025-11-26 22:43:01,788 - __main__ - INFO - ✓ Successfully connected to MySQL database
2025-11-26 22:43:01,807 - __main__ - INFO - Settings loaded - Enabled: False, Time Window: 15:00 - 23:00
2025-11-26 22:43:01,808 - __main__ - INFO - WhatsApp automation is disabled in settings. Exiting.
2025-11-26 22:43:01,810 - __main__ - INFO - Database connection closed
2025-11-26 22:44:02,055 - __main__ - INFO - ================================================================================
2025-11-26 22:44:02,055 - __main__ - INFO - WhatsApp Automation Script Started (Twilio SDK)
2025-11-26 22:44:02,056 - __main__ - INFO - ================================================================================
2025-11-26 22:44:02,056 - __main__ - INFO - Connecting to MySQL database at 127.0.0.1:3306...
2025-11-26 22:44:02,116 - __main__ - INFO - ✓ Successfully connected to MySQL database
2025-11-26 22:44:02,136 - __main__ - INFO - Settings loaded - Enabled: True, Time Window: 15:00 - 23:00
2025-11-26 22:44:02,138 - __main__ - WARNING - WhatsApp from number not configured. Cannot send messages. Exiting.
2025-11-26 22:44:02,140 - __main__ - INFO - Database connection closed
2025-11-26 22:45:01,420 - __main__ - INFO - ================================================================================
2025-11-26 22:45:01,420 - __main__ - INFO - WhatsApp Automation Script Started (Twilio SDK)
2025-11-26 22:45:01,421 - __main__ - INFO - ================================================================================
2025-11-26 22:45:01,421 - __main__ - INFO - Connecting to MySQL database at 127.0.0.1:3306...
2025-11-26 22:45:01,463 - __main__ - INFO - ✓ Successfully connected to MySQL database
2025-11-26 22:45:01,483 - __main__ - INFO - Settings loaded - Enabled: True, Time Window: 15:00 - 23:00
2025-11-26 22:45:01,485 - __main__ - WARNING - WhatsApp from number not configured. Cannot send messages. Exiting.
2025-11-26 22:45:01,487 - __main__ - INFO - Database connection closed
2025-11-26 22:46:01,709 - __main__ - INFO - ================================================================================
2025-11-26 22:46:01,710 - __main__ - INFO - WhatsApp Automation Script Started (Twilio SDK)
2025-11-26 22:46:01,710 - __main__ - INFO - ================================================================================
2025-11-26 22:46:01,710 - __main__ - INFO - Connecting to MySQL database at 127.0.0.1:3306...
2025-11-26 22:46:01,746 - __main__ - INFO - ✓ Successfully connected to MySQL database
2025-11-26 22:46:01,768 - __main__ - INFO - Settings loaded - Enabled: True, Time Window: 15:00 - 23:00
2025-11-26 22:46:01,770 - __main__ - WARNING - WhatsApp from number not configured. Cannot send messages. Exiting.
2025-11-26 22:46:01,771 - __main__ - INFO - Database connection closed
2025-11-26 22:47:02,008 - __main__ - INFO - ================================================================================
2025-11-26 22:47:02,009 - __main__ - INFO - WhatsApp Automation Script Started (Twilio SDK)
2025-11-26 22:47:02,009 - __main__ - INFO - ================================================================================
2025-11-26 22:47:02,009 - __main__ - INFO - Connecting to MySQL database at 127.0.0.1:3306...
2025-11-26 22:47:02,052 - __main__ - INFO - ✓ Successfully connected to MySQL database
2025-11-26 22:47:02,070 - __main__ - INFO - Settings loaded - Enabled: True, Time Window: 15:00 - 23:00
2025-11-26 22:47:02,072 - __main__ - WARNING - WhatsApp from number not configured. Cannot send messages. Exiting.
2025-11-26 22:47:02,073 - __main__ - INFO - Database connection closed
2025-11-26 22:48:01,326 - __main__ - INFO - ================================================================================
2025-11-26 22:48:01,327 - __main__ - INFO - WhatsApp Automation Script Started (Twilio SDK)
2025-11-26 22:48:01,327 - __main__ - INFO - ================================================================================
2025-11-26 22:48:01,327 - __main__ - INFO - Connecting to MySQL database at 127.0.0.1:3306...
2025-11-26 22:48:01,371 - __main__ - INFO - ✓ Successfully connected to MySQL database
2025-11-26 22:48:01,390 - __main__ - INFO - Settings loaded - Enabled: True, Time Window: 15:00 - 23:00
2025-11-26 22:48:01,392 - __main__ - WARNING - WhatsApp from number not configured. Cannot send messages. Exiting.
2025-11-26 22:48:01,394 - __main__ - INFO - Database connection closed
2025-11-26 22:49:01,660 - __main__ - INFO - ================================================================================
2025-11-26 22:49:01,660 - __main__ - INFO - WhatsApp Automation Script Started (Twilio SDK)
2025-11-26 22:49:01,661 - __main__ - INFO - ================================================================================
2025-11-26 22:49:01,662 - __main__ - INFO - Connecting to MySQL database at 127.0.0.1:3306...
2025-11-26 22:49:01,705 - __main__ - INFO - ✓ Successfully connected to MySQL database
2025-11-26 22:49:01,724 - __main__ - INFO - Settings loaded - Enabled: True, Time Window: 15:00 - 23:00
2025-11-26 22:49:01,726 - __main__ - WARNING - WhatsApp from number not configured. Cannot send messages. Exiting.
2025-11-26 22:49:01,728 - __main__ - INFO - Database connection closed
2025-11-26 22:50:01,989 - __main__ - INFO - ================================================================================
2025-11-26 22:50:01,990 - __main__ - INFO - WhatsApp Automation Script Started (Twilio SDK)
2025-11-26 22:50:01,991 - __main__ - INFO - ================================================================================
2025-11-26 22:50:01,991 - __main__ - INFO - Connecting to MySQL database at 127.0.0.1:3306...
2025-11-26 22:50:02,030 - __main__ - INFO - ✓ Successfully connected to MySQL database
2025-11-26 22:50:02,050 - __main__ - INFO - Settings loaded - Enabled: True, Time Window: 15:00 - 23:00
2025-11-26 22:50:02,052 - __main__ - WARNING - WhatsApp from number not configured. Cannot send messages. Exiting.
2025-11-26 22:50:02,054 - __main__ - INFO - Database connection closed
2025-11-26 22:51:01,419 - __main__ - INFO - ================================================================================
2025-11-26 22:51:01,420 - __main__ - INFO - WhatsApp Automation Script Started (Twilio SDK)
2025-11-26 22:51:01,420 - __main__ - INFO - ================================================================================
2025-11-26 22:51:01,421 - __main__ - INFO - Connecting to MySQL database at 127.0.0.1:3306...
2025-11-26 22:51:01,454 - __main__ - INFO - ✓ Successfully connected to MySQL database
2025-11-26 22:51:01,461 - __main__ - INFO - Settings loaded - Enabled: True, Time Window: 15:00 - 23:00
2025-11-26 22:51:01,464 - __main__ - WARNING - WhatsApp from number not configured. Cannot send messages. Exiting.
2025-11-26 22:51:01,465 - __main__ - INFO - Database connection closed
2025-11-26 22:52:01,700 - __main__ - INFO - ================================================================================
2025-11-26 22:52:01,700 - __main__ - INFO - WhatsApp Automation Script Started (Twilio SDK)
2025-11-26 22:52:01,701 - __main__ - INFO - ================================================================================
2025-11-26 22:52:01,701 - __main__ - INFO - Connecting to MySQL database at 127.0.0.1:3306...
2025-11-26 22:52:01,738 - __main__ - INFO - ✓ Successfully connected to MySQL database
2025-11-26 22:52:01,759 - __main__ - INFO - Settings loaded - Enabled: True, Time Window: 15:00 - 23:00
2025-11-26 22:52:01,760 - __main__ - WARNING - WhatsApp from number not configured. Cannot send messages. Exiting.
2025-11-26 22:52:01,762 - __main__ - INFO - Database connection closed
2025-11-26 22:53:01,995 - __main__ - INFO - ================================================================================
2025-11-26 22:53:01,997 - __main__ - INFO - WhatsApp Automation Script Started (Twilio SDK)
2025-11-26 22:53:01,998 - __main__ - INFO - ================================================================================
2025-11-26 22:53:01,998 - __main__ - INFO - Connecting to MySQL database at 127.0.0.1:3306...
2025-11-26 22:53:02,039 - __main__ - INFO - ✓ Successfully connected to MySQL database
2025-11-26 22:53:02,059 - __main__ - INFO - Settings loaded - Enabled: True, Time Window: 15:00 - 23:00
2025-11-26 22:53:02,061 - __main__ - WARNING - WhatsApp from number not configured. Cannot send messages. Exiting.
2025-11-26 22:53:02,062 - __main__ - INFO - Database connection closed
2025-11-26 22:54:01,316 - __main__ - INFO - ================================================================================
2025-11-26 22:54:01,317 - __main__ - INFO - WhatsApp Automation Script Started (Twilio SDK)
2025-11-26 22:54:01,317 - __main__ - INFO - ================================================================================
2025-11-26 22:54:01,317 - __main__ - INFO - Connecting to MySQL database at 127.0.0.1:3306...
2025-11-26 22:54:01,359 - __main__ - INFO - ✓ Successfully connected to MySQL database
2025-11-26 22:54:01,374 - __main__ - INFO - Settings loaded - Enabled: True, Time Window: 15:00 - 23:00
2025-11-26 22:54:01,377 - __main__ - WARNING - WhatsApp from number not configured. Cannot send messages. Exiting.
2025-11-26 22:54:01,378 - __main__ - INFO - Database connection closed
2025-11-26 22:55:01,620 - __main__ - INFO - ================================================================================
2025-11-26 22:55:01,620 - __main__ - INFO - WhatsApp Automation Script Started (Twilio SDK)
2025-11-26 22:55:01,620 - __main__ - INFO - ================================================================================
2025-11-26 22:55:01,620 - __main__ - INFO - Connecting to MySQL database at 127.0.0.1:3306...
2025-11-26 22:55:01,663 - __main__ - INFO - ✓ Successfully connected to MySQL database
2025-11-26 22:55:01,681 - __main__ - INFO - Settings loaded - Enabled: True, Time Window: 15:00 - 23:00
2025-11-26 22:55:01,683 - __main__ - WARNING - WhatsApp from number not configured. Cannot send messages. Exiting.
2025-11-26 22:55:01,685 - __main__ - INFO - Database connection closed
2025-11-26 22:56:01,929 - __main__ - INFO - ================================================================================
2025-11-26 22:56:01,929 - __main__ - INFO - WhatsApp Automation Script Started (Twilio SDK)
2025-11-26 22:56:01,930 - __main__ - INFO - ================================================================================
2025-11-26 22:56:01,931 - __main__ - INFO - Connecting to MySQL database at 127.0.0.1:3306...
2025-11-26 22:56:01,970 - __main__ - INFO - ✓ Successfully connected to MySQL database
2025-11-26 22:56:01,988 - __main__ - INFO - Settings loaded - Enabled: True, Time Window: 15:00 - 23:00
2025-11-26 22:56:01,990 - __main__ - WARNING - WhatsApp from number not configured. Cannot send messages. Exiting.
2025-11-26 22:56:01,991 - __main__ - INFO - Database connection closed
2025-11-26 22:57:01,233 - __main__ - INFO - ================================================================================
2025-11-26 22:57:01,233 - __main__ - INFO - WhatsApp Automation Script Started (Twilio SDK)
2025-11-26 22:57:01,234 - __main__ - INFO - ================================================================================
2025-11-26 22:57:01,234 - __main__ - INFO - Connecting to MySQL database at 127.0.0.1:3306...
2025-11-26 22:57:01,270 - __main__ - INFO - ✓ Successfully connected to MySQL database
2025-11-26 22:57:01,274 - __main__ - INFO - Settings loaded - Enabled: False, Time Window: 15:00 - 23:00
2025-11-26 22:57:01,274 - __main__ - INFO - WhatsApp automation is disabled in settings. Exiting.
2025-11-26 22:57:01,275 - __main__ - INFO - Database connection closed
2025-11-26 22:58:01,591 - __main__ - INFO - ================================================================================
2025-11-26 22:58:01,592 - __main__ - INFO - WhatsApp Automation Script Started (Twilio SDK)
2025-11-26 22:58:01,592 - __main__ - INFO - ================================================================================
2025-11-26 22:58:01,592 - __main__ - INFO - Connecting to MySQL database at 127.0.0.1:3306...
2025-11-26 22:58:01,639 - __main__ - INFO - ✓ Successfully connected to MySQL database
2025-11-26 22:58:01,659 - __main__ - INFO - Settings loaded - Enabled: False, Time Window: 15:00 - 23:00
2025-11-26 22:58:01,660 - __main__ - INFO - WhatsApp automation is disabled in settings. Exiting.
2025-11-26 22:58:01,661 - __main__ - INFO - Database connection closed
2025-11-26 22:59:01,940 - __main__ - INFO - ================================================================================
2025-11-26 22:59:01,940 - __main__ - INFO - WhatsApp Automation Script Started (Twilio SDK)
2025-11-26 22:59:01,941 - __main__ - INFO - ================================================================================
2025-11-26 22:59:01,941 - __main__ - INFO - Connecting to MySQL database at 127.0.0.1:3306...
2025-11-26 22:59:01,987 - __main__ - INFO - ✓ Successfully connected to MySQL database
2025-11-26 22:59:01,992 - __main__ - INFO - Settings loaded - Enabled: False, Time Window: 15:00 - 23:00
2025-11-26 22:59:01,992 - __main__ - INFO - WhatsApp automation is disabled in settings. Exiting.
2025-11-26 22:59:01,993 - __main__ - INFO - Database connection closed
2025-11-26 23:00:01,542 - __main__ - INFO - ================================================================================
2025-11-26 23:00:01,542 - __main__ - INFO - WhatsApp Automation Script Started (Twilio SDK)
2025-11-26 23:00:01,542 - __main__ - INFO - ================================================================================
2025-11-26 23:00:01,543 - __main__ - INFO - Connecting to MySQL database at 127.0.0.1:3306...
2025-11-26 23:00:01,602 - __main__ - INFO - ✓ Successfully connected to MySQL database
2025-11-26 23:00:01,610 - __main__ - INFO - Settings loaded - Enabled: False, Time Window: 15:00 - 23:00
2025-11-26 23:00:01,610 - __main__ - INFO - WhatsApp automation is disabled in settings. Exiting.
2025-11-26 23:00:01,613 - __main__ - INFO - Database connection closed
2025-11-26 23:01:01,921 - __main__ - INFO - ================================================================================
2025-11-26 23:01:01,922 - __main__ - INFO - WhatsApp Automation Script Started (Twilio SDK)
2025-11-26 23:01:01,922 - __main__ - INFO - ================================================================================
2025-11-26 23:01:01,923 - __main__ - INFO - Connecting to MySQL database at 127.0.0.1:3306...
2025-11-26 23:01:01,960 - __main__ - INFO - ✓ Successfully connected to MySQL database
2025-11-26 23:01:01,964 - __main__ - INFO - Settings loaded - Enabled: False, Time Window: 15:00 - 23:00
2025-11-26 23:01:01,965 - __main__ - INFO - WhatsApp automation is disabled in settings. Exiting.
2025-11-26 23:01:01,967 - __main__ - INFO - Database connection closed
2025-11-26 23:02:01,339 - __main__ - INFO - ================================================================================
2025-11-26 23:02:01,339 - __main__ - INFO - WhatsApp Automation Script Started (Twilio SDK)
2025-11-26 23:02:01,341 - __main__ - INFO - ================================================================================
2025-11-26 23:02:01,342 - __main__ - INFO - Connecting to MySQL database at 127.0.0.1:3306...
2025-11-26 23:02:01,386 - __main__ - INFO - ✓ Successfully connected to MySQL database
2025-11-26 23:02:01,412 - __main__ - INFO - Settings loaded - Enabled: False, Time Window: 15:00 - 23:00
2025-11-26 23:02:01,412 - __main__ - INFO - WhatsApp automation is disabled in settings. Exiting.
2025-11-26 23:02:01,444 - __main__ - INFO - Database connection closed
